SF:lib/core/client/http_client.dart
DA:11,0
DA:13,0
DA:14,0
DA:15,0
DA:17,0
LF:5
LH:0
end_of_record
SF:lib/core/exception/exception.dart
DA:9,1
LF:1
LH:1
end_of_record
SF:lib/data/datasources/task_api_service.dart
DA:14,1
DA:18,1
DA:21,2
DA:22,1
DA:25,2
DA:26,2
DA:27,3
DA:28,1
DA:30,1
DA:33,2
LF:10
LH:10
end_of_record
SF:lib/data/models/task_dto.dart
DA:6,1
DA:12,1
DA:13,1
DA:14,1
DA:15,1
DA:16,1
DA:20,0
DA:21,0
DA:22,0
DA:23,0
DA:24,0
LF:11
LH:6
end_of_record
SF:lib/domain/usecases/get_tasks_usecase.dart
DA:8,0
DA:10,0
DA:11,0
LF:3
LH:0
end_of_record
SF:lib/domain/entities/task.dart
DA:6,1
LF:1
LH:1
end_of_record
SF:lib/presentation/task/bloc/task_bloc.dart
DA:17,1
DA:22,1
DA:29,3
DA:30,2
DA:33,2
DA:36,1
DA:38,2
DA:40,2
DA:41,2
DA:43,3
LF:10
LH:10
end_of_record
